{
  "RSpec": {
    "coverage": {
      "/Users/samwalker/Documents/Turing/3mod/projects/rails_engine/config/environment.rb": {
        "lines": [
          null,
          1,
          null,
          null,
          1
        ]
      },
      "/Users/samwalker/Documents/Turing/3mod/projects/rails_engine/config/application.rb": {
        "lines": [
          1,
          null,
          1,
          null,
          1,
          1,
          1,
          1,
          1,
          1,
          1,
          1,
          1,
          1,
          null,
          null,
          null,
          null,
          1,
          null,
          1,
          1,
          null,
          1,
          null,
          null,
          null,
          null,
          null,
          null,
          null,
          null,
          null,
          null,
          null,
          null,
          1,
          null,
          null
        ]
      },
      "/Users/samwalker/Documents/Turing/3mod/projects/rails_engine/config/boot.rb": {
        "lines": [
          1,
          null,
          1,
          1
        ]
      },
      "/Users/samwalker/Documents/Turing/3mod/projects/rails_engine/config/environments/test.rb": {
        "lines": [
          1,
          null,
          null,
          null,
          null,
          null,
          null,
          1,
          null,
          null,
          null,
          1,
          null,
          null,
          null,
          null,
          1,
          null,
          null,
          1,
          1,
          null,
          null,
          null,
          null,
          1,
          1,
          1,
          null,
          null,
          1,
          null,
          null,
          1,
          null,
          null,
          1,
          null,
          1,
          null,
          null,
          null,
          null,
          1,
          null,
          null,
          1,
          null,
          null,
          1,
          null,
          null,
          1,
          null,
          null,
          null,
          null,
          null,
          null,
          null
        ]
      },
      "/Users/samwalker/Documents/Turing/3mod/projects/rails_engine/config/initializers/cors.rb": {
        "lines": [
          null,
          null,
          null,
          null,
          null,
          null,
          null,
          null,
          null,
          null,
          null,
          null,
          null,
          null,
          null,
          null
        ]
      },
      "/Users/samwalker/Documents/Turing/3mod/projects/rails_engine/config/initializers/filter_parameter_logging.rb": {
        "lines": [
          null,
          null,
          null,
          null,
          null,
          1,
          null,
          null
        ]
      },
      "/Users/samwalker/Documents/Turing/3mod/projects/rails_engine/config/initializers/inflections.rb": {
        "lines": [
          null,
          null,
          null,
          null,
          null,
          null,
          null,
          null,
          null,
          null,
          null,
          null,
          null,
          null,
          null,
          null
        ]
      },
      "/Users/samwalker/Documents/Turing/3mod/projects/rails_engine/spec/factories/customers.rb": {
        "lines": [
          1,
          1,
          1,
          1,
          null,
          null
        ]
      },
      "/Users/samwalker/Documents/Turing/3mod/projects/rails_engine/spec/factories/invoice_items.rb": {
        "lines": [
          1,
          1,
          1,
          1,
          1,
          1,
          1,
          null,
          null
        ]
      },
      "/Users/samwalker/Documents/Turing/3mod/projects/rails_engine/spec/factories/invoices.rb": {
        "lines": [
          1,
          1,
          1,
          1,
          1,
          null,
          null
        ]
      },
      "/Users/samwalker/Documents/Turing/3mod/projects/rails_engine/spec/factories/items.rb": {
        "lines": [
          1,
          1,
          9,
          9,
          9,
          1,
          null,
          null
        ]
      },
      "/Users/samwalker/Documents/Turing/3mod/projects/rails_engine/spec/factories/merchants.rb": {
        "lines": [
          1,
          1,
          5,
          null,
          null
        ]
      },
      "/Users/samwalker/Documents/Turing/3mod/projects/rails_engine/spec/factories/transactions.rb": {
        "lines": [
          1,
          1,
          1,
          1,
          1,
          1,
          null,
          null
        ]
      },
      "/Users/samwalker/Documents/Turing/3mod/projects/rails_engine/config/routes.rb": {
        "lines": [
          1,
          1,
          1,
          1,
          1,
          null,
          1,
          null,
          null,
          null
        ]
      },
      "/Users/samwalker/Documents/Turing/3mod/projects/rails_engine/spec/support/factory_bot.rb": {
        "lines": [
          1,
          1,
          null
        ]
      },
      "/Users/samwalker/Documents/Turing/3mod/projects/rails_engine/app/models/merchant.rb": {
        "lines": [
          1,
          1,
          1,
          1,
          1,
          1,
          null
        ]
      },
      "/Users/samwalker/Documents/Turing/3mod/projects/rails_engine/app/models/application_record.rb": {
        "lines": [
          1,
          1,
          null
        ]
      },
      "/Users/samwalker/Documents/Turing/3mod/projects/rails_engine/app/models/item.rb": {
        "lines": [
          1,
          1,
          1,
          1,
          null
        ]
      },
      "/Users/samwalker/Documents/Turing/3mod/projects/rails_engine/app/controllers/api/v1/items_controller.rb": {
        "lines": [
          1,
          1,
          1,
          null,
          null,
          1,
          1,
          null,
          null
        ]
      },
      "/Users/samwalker/Documents/Turing/3mod/projects/rails_engine/app/controllers/application_controller.rb": {
        "lines": [
          1,
          null
        ]
      }
    },
    "timestamp": 1679972365
  }
}
